Build started 01/03/2016 12:23:00.
     1>Project "E:\year 3\AGP projects\Adam Elletson Tutorial 15 Input update\Adam Elletson Tutorial 15 Exercise 01.vcxproj" on node 2 (Build target(s)).
     1>ClCompile:
         C:\Program Files (x86)\Microsoft Visual Studio 12.0\VC\bin\CL.exe /c /ZI /nologo /W3 /WX- /sdl /Od /Oy- /D _MBCS /Gm /EHsc /RTC1 /MDd /GS /fp:precise /Zc:wchar_t /Zc:forScope /Fo"Debug\\" /Fd"Debug\vc120.pdb" /Gd /TP /analyze- /errorReport:prompt main.cpp
         main.cpp
     1>c:\program files (x86)\microsoft directx sdk (june 2010)\include\dxgitype.h(12): warning C4005: 'DXGI_STATUS_OCCLUDED' : macro redefinition
                 c:\program files (x86)\windows kits\8.1\include\shared\winerror.h(50002) : see previous definition of 'DXGI_STATUS_OCCLUDED'
     1>c:\program files (x86)\microsoft directx sdk (june 2010)\include\dxgitype.h(13): warning C4005: 'DXGI_STATUS_CLIPPED' : macro redefinition
                 c:\program files (x86)\windows kits\8.1\include\shared\winerror.h(50011) : see previous definition of 'DXGI_STATUS_CLIPPED'
     1>c:\program files (x86)\microsoft directx sdk (june 2010)\include\dxgitype.h(14): warning C4005: 'DXGI_STATUS_NO_REDIRECTION' : macro redefinition
                 c:\program files (x86)\windows kits\8.1\include\shared\winerror.h(50020) : see previous definition of 'DXGI_STATUS_NO_REDIRECTION'
     1>c:\program files (x86)\microsoft directx sdk (june 2010)\include\dxgitype.h(15): warning C4005: 'DXGI_STATUS_NO_DESKTOP_ACCESS' : macro redefinition
                 c:\program files (x86)\windows kits\8.1\include\shared\winerror.h(50029) : see previous definition of 'DXGI_STATUS_NO_DESKTOP_ACCESS'
     1>c:\program files (x86)\microsoft directx sdk (june 2010)\include\dxgitype.h(16): warning C4005: 'DXGI_STATUS_GRAPHICS_VIDPN_SOURCE_IN_USE' : macro redefinition
                 c:\program files (x86)\windows kits\8.1\include\shared\winerror.h(50038) : see previous definition of 'DXGI_STATUS_GRAPHICS_VIDPN_SOURCE_IN_USE'
     1>c:\program files (x86)\microsoft directx sdk (june 2010)\include\dxgitype.h(17): warning C4005: 'DXGI_STATUS_MODE_CHANGED' : macro redefinition
                 c:\program files (x86)\windows kits\8.1\include\shared\winerror.h(50047) : see previous definition of 'DXGI_STATUS_MODE_CHANGED'
     1>c:\program files (x86)\microsoft directx sdk (june 2010)\include\dxgitype.h(18): warning C4005: 'DXGI_STATUS_MODE_CHANGE_IN_PROGRESS' : macro redefinition
                 c:\program files (x86)\windows kits\8.1\include\shared\winerror.h(50056) : see previous definition of 'DXGI_STATUS_MODE_CHANGE_IN_PROGRESS'
     1>c:\program files (x86)\microsoft directx sdk (june 2010)\include\dxgitype.h(21): warning C4005: 'DXGI_ERROR_INVALID_CALL' : macro redefinition
                 c:\program files (x86)\windows kits\8.1\include\shared\winerror.h(50071) : see previous definition of 'DXGI_ERROR_INVALID_CALL'
     1>c:\program files (x86)\microsoft directx sdk (june 2010)\include\dxgitype.h(22): warning C4005: 'DXGI_ERROR_NOT_FOUND' : macro redefinition
                 c:\program files (x86)\windows kits\8.1\include\shared\winerror.h(50080) : see previous definition of 'DXGI_ERROR_NOT_FOUND'
     1>c:\program files (x86)\microsoft directx sdk (june 2010)\include\dxgitype.h(23): warning C4005: 'DXGI_ERROR_MORE_DATA' : macro redefinition
                 c:\program files (x86)\windows kits\8.1\include\shared\winerror.h(50089) : see previous definition of 'DXGI_ERROR_MORE_DATA'
     1>c:\program files (x86)\microsoft directx sdk (june 2010)\include\dxgitype.h(24): warning C4005: 'DXGI_ERROR_UNSUPPORTED' : macro redefinition
                 c:\program files (x86)\windows kits\8.1\include\shared\winerror.h(50098) : see previous definition of 'DXGI_ERROR_UNSUPPORTED'
     1>c:\program files (x86)\microsoft directx sdk (june 2010)\include\dxgitype.h(25): warning C4005: 'DXGI_ERROR_DEVICE_REMOVED' : macro redefinition
                 c:\program files (x86)\windows kits\8.1\include\shared\winerror.h(50107) : see previous definition of 'DXGI_ERROR_DEVICE_REMOVED'
     1>c:\program files (x86)\microsoft directx sdk (june 2010)\include\dxgitype.h(26): warning C4005: 'DXGI_ERROR_DEVICE_HUNG' : macro redefinition
                 c:\program files (x86)\windows kits\8.1\include\shared\winerror.h(50116) : see previous definition of 'DXGI_ERROR_DEVICE_HUNG'
     1>c:\program files (x86)\microsoft directx sdk (june 2010)\include\dxgitype.h(27): warning C4005: 'DXGI_ERROR_DEVICE_RESET' : macro redefinition
                 c:\program files (x86)\windows kits\8.1\include\shared\winerror.h(50126) : see previous definition of 'DXGI_ERROR_DEVICE_RESET'
     1>c:\program files (x86)\microsoft directx sdk (june 2010)\include\dxgitype.h(28): warning C4005: 'DXGI_ERROR_WAS_STILL_DRAWING' : macro redefinition
                 c:\program files (x86)\windows kits\8.1\include\shared\winerror.h(50135) : see previous definition of 'DXGI_ERROR_WAS_STILL_DRAWING'
     1>c:\program files (x86)\microsoft directx sdk (june 2010)\include\dxgitype.h(29): warning C4005: 'DXGI_ERROR_FRAME_STATISTICS_DISJOINT' : macro redefinition
                 c:\program files (x86)\windows kits\8.1\include\shared\winerror.h(50145) : see previous definition of 'DXGI_ERROR_FRAME_STATISTICS_DISJOINT'
     1>c:\program files (x86)\microsoft directx sdk (june 2010)\include\dxgitype.h(30): warning C4005: 'DXGI_ERROR_GRAPHICS_VIDPN_SOURCE_IN_USE' : macro redefinition
                 c:\program files (x86)\windows kits\8.1\include\shared\winerror.h(50154) : see previous definition of 'DXGI_ERROR_GRAPHICS_VIDPN_SOURCE_IN_USE'
     1>c:\program files (x86)\microsoft directx sdk (june 2010)\include\dxgitype.h(31): warning C4005: 'DXGI_ERROR_DRIVER_INTERNAL_ERROR' : macro redefinition
                 c:\program files (x86)\windows kits\8.1\include\shared\winerror.h(50164) : see previous definition of 'DXGI_ERROR_DRIVER_INTERNAL_ERROR'
     1>c:\program files (x86)\microsoft directx sdk (june 2010)\include\dxgitype.h(32): warning C4005: 'DXGI_ERROR_NONEXCLUSIVE' : macro redefinition
                 c:\program files (x86)\windows kits\8.1\include\shared\winerror.h(50173) : see previous definition of 'DXGI_ERROR_NONEXCLUSIVE'
     1>c:\program files (x86)\microsoft directx sdk (june 2010)\include\dxgitype.h(33): warning C4005: 'DXGI_ERROR_NOT_CURRENTLY_AVAILABLE' : macro redefinition
                 c:\program files (x86)\windows kits\8.1\include\shared\winerror.h(50182) : see previous definition of 'DXGI_ERROR_NOT_CURRENTLY_AVAILABLE'
     1>c:\program files (x86)\microsoft directx sdk (june 2010)\include\dxgitype.h(34): warning C4005: 'DXGI_ERROR_REMOTE_CLIENT_DISCONNECTED' : macro redefinition
                 c:\program files (x86)\windows kits\8.1\include\shared\winerror.h(50192) : see previous definition of 'DXGI_ERROR_REMOTE_CLIENT_DISCONNECTED'
     1>c:\program files (x86)\microsoft directx sdk (june 2010)\include\dxgitype.h(35): warning C4005: 'DXGI_ERROR_REMOTE_OUTOFMEMORY' : macro redefinition
                 c:\program files (x86)\windows kits\8.1\include\shared\winerror.h(50201) : see previous definition of 'DXGI_ERROR_REMOTE_OUTOFMEMORY'
     1>c:\program files (x86)\microsoft directx sdk (june 2010)\include\d3d11.h(917): warning C4005: 'D3D11_ERROR_TOO_MANY_UNIQUE_STATE_OBJECTS' : macro redefinition
                 c:\program files (x86)\windows kits\8.1\include\shared\winerror.h(50379) : see previous definition of 'D3D11_ERROR_TOO_MANY_UNIQUE_STATE_OBJECTS'
     1>c:\program files (x86)\microsoft directx sdk (june 2010)\include\d3d11.h(918): warning C4005: 'D3D11_ERROR_FILE_NOT_FOUND' : macro redefinition
                 c:\program files (x86)\windows kits\8.1\include\shared\winerror.h(50388) : see previous definition of 'D3D11_ERROR_FILE_NOT_FOUND'
     1>c:\program files (x86)\microsoft directx sdk (june 2010)\include\d3d11.h(919): warning C4005: 'D3D11_ERROR_TOO_MANY_UNIQUE_VIEW_OBJECTS' : macro redefinition
                 c:\program files (x86)\windows kits\8.1\include\shared\winerror.h(50398) : see previous definition of 'D3D11_ERROR_TOO_MANY_UNIQUE_VIEW_OBJECTS'
     1>c:\program files (x86)\microsoft directx sdk (june 2010)\include\d3d11.h(920): warning C4005: 'D3D11_ERROR_DEFERRED_CONTEXT_MAP_WITHOUT_INITIAL_DISCARD' : macro redefinition
                 c:\program files (x86)\windows kits\8.1\include\shared\winerror.h(50407) : see previous definition of 'D3D11_ERROR_DEFERRED_CONTEXT_MAP_WITHOUT_INITIAL_DISCARD'
     1>c:\program files (x86)\microsoft directx sdk (june 2010)\include\d3d10.h(608): warning C4005: 'D3D10_ERROR_TOO_MANY_UNIQUE_STATE_OBJECTS' : macro redefinition
                 c:\program files (x86)\windows kits\8.1\include\shared\winerror.h(50355) : see previous definition of 'D3D10_ERROR_TOO_MANY_UNIQUE_STATE_OBJECTS'
     1>c:\program files (x86)\microsoft directx sdk (june 2010)\include\d3d10.h(609): warning C4005: 'D3D10_ERROR_FILE_NOT_FOUND' : macro redefinition
                 c:\program files (x86)\windows kits\8.1\include\shared\winerror.h(50364) : see previous definition of 'D3D10_ERROR_FILE_NOT_FOUND'
         c:\program files (x86)\microsoft directx sdk (june 2010)\include\dinput.h: DIRECTINPUT_VERSION undefined. Defaulting to version 0x0800
     1>e:\year 3\agp projects\adam elletson tutorial 15 input update\main.cpp(328): warning C4244: '=' : conversion from 'UINT' to 'FLOAT', possible loss of data
     1>e:\year 3\agp projects\adam elletson tutorial 15 input update\main.cpp(329): warning C4244: '=' : conversion from 'UINT' to 'FLOAT', possible loss of data
     1>e:\year 3\agp projects\adam elletson tutorial 15 input update\main.cpp(391): warning C4305: 'argument' : truncation from 'double' to 'float'
     1>e:\year 3\agp projects\adam elletson tutorial 15 input update\main.cpp(393): warning C4305: 'argument' : truncation from 'double' to 'float'
     1>e:\year 3\agp projects\adam elletson tutorial 15 input update\main.cpp(396): warning C4305: 'argument' : truncation from 'double' to 'float'
     1>e:\year 3\agp projects\adam elletson tutorial 15 input update\main.cpp(397): warning C4305: 'argument' : truncation from 'double' to 'float'
     1>e:\year 3\agp projects\adam elletson tutorial 15 input update\main.cpp(398): warning C4305: 'argument' : truncation from 'double' to 'float'
     1>e:\year 3\agp projects\adam elletson tutorial 15 input update\main.cpp(399): warning C4305: 'argument' : truncation from 'double' to 'float'
     1>e:\year 3\agp projects\adam elletson tutorial 15 input update\main.cpp(400): warning C4305: 'argument' : truncation from 'double' to 'float'
     1>e:\year 3\agp projects\adam elletson tutorial 15 input update\main.cpp(401): warning C4305: 'argument' : truncation from 'double' to 'float'
     1>e:\year 3\agp projects\adam elletson tutorial 15 input update\main.cpp(402): warning C4305: 'argument' : truncation from 'double' to 'float'
     1>e:\year 3\agp projects\adam elletson tutorial 15 input update\main.cpp(403): warning C4305: 'argument' : truncation from 'double' to 'float'
     1>e:\year 3\agp projects\adam elletson tutorial 15 input update\main.cpp(487): warning C4390: ';' : empty controlled statement found; is this the intent?
     1>e:\year 3\agp projects\adam elletson tutorial 15 input update\main.cpp(518): warning C4244: 'argument' : conversion from 'double' to 'float', possible loss of data
     1>e:\year 3\agp projects\adam elletson tutorial 15 input update\main.cpp(519): warning C4244: 'argument' : conversion from 'double' to 'float', possible loss of data
     1>e:\year 3\agp projects\adam elletson tutorial 15 input update\main.cpp(525): warning C4800: 'int' : forcing value to bool 'true' or 'false' (performance warning)
     1>e:\year 3\agp projects\adam elletson tutorial 15 input update\main.cpp(564): warning C4305: 'argument' : truncation from 'double' to 'float'
     1>e:\year 3\agp projects\adam elletson tutorial 15 input update\main.cpp(565): warning C4305: 'argument' : truncation from 'double' to 'float'
     1>e:\year 3\agp projects\adam elletson tutorial 15 input update\main.cpp(567): warning C4305: 'argument' : truncation from 'double' to 'float'
     1>e:\year 3\agp projects\adam elletson tutorial 15 input update\main.cpp(581): warning C4305: 'argument' : truncation from 'double' to 'float'
     1>e:\year 3\agp projects\adam elletson tutorial 15 input update\main.cpp(593): warning C4305: 'argument' : truncation from 'double' to 'float'
     1>e:\year 3\agp projects\adam elletson tutorial 15 input update\main.cpp(605): warning C4305: 'argument' : truncation from 'double' to 'float'
     1>e:\year 3\agp projects\adam elletson tutorial 15 input update\main.cpp(650): warning C4305: 'argument' : truncation from 'double' to 'FLOAT'
     1>e:\year 3\agp projects\adam elletson tutorial 15 input update\main.cpp(654): warning C4305: 'argument' : truncation from 'double' to 'float'
       Link:
         C:\Program Files (x86)\Microsoft Visual Studio 12.0\VC\bin\link.exe /ERRORREPORT:PROMPT /OUT:"E:\year 3\AGP projects\Adam Elletson Tutorial 15 Input update\Debug\Adam Elletson Tutorial 15 Exercise 01.exe" /INCREMENTAL /NOLOGO d3d11.lib d3dcompiler.lib d3dx11d.lib d3dx9d.lib dxerr.lib dinput8.lib dxguid.lib kernel32.lib user32.lib gdi32.lib winspool.lib comdlg32.lib advapi32.lib shell32.lib ole32.lib oleaut32.lib uuid.lib odbc32.lib odbccp32.lib /MANIFEST /MANIFESTUAC:"level='asInvoker' uiAccess='false'" /manifest:embed /DEBUG /PDB:"E:\year 3\AGP projects\Adam Elletson Tutorial 15 Input update\Debug\Adam Elletson Tutorial 15 Exercise 01.pdb" /TLBID:1 /DYNAMICBASE /NXCOMPAT /IMPLIB:"E:\year 3\AGP projects\Adam Elletson Tutorial 15 Input update\Debug\Adam Elletson Tutorial 15 Exercise 01.lib" /MACHINE:X86 Debug\Camera.obj
         Debug\main.obj
         Debug\Model.obj
         Debug\objfilemodel.obj
         Debug\SceneNode.obj
         Debug\text2D.obj
         Adam Elletson Tutorial 15 Exercise 01.vcxproj -> E:\year 3\AGP projects\Adam Elletson Tutorial 15 Input update\Debug\Adam Elletson Tutorial 15 Exercise 01.exe
     1>Done Building Project "E:\year 3\AGP projects\Adam Elletson Tutorial 15 Input update\Adam Elletson Tutorial 15 Exercise 01.vcxproj" (Build target(s)).

Build succeeded.

Time Elapsed 00:00:01.82
